<?xml version="1.0"?>
<testsuites failures="0" errors="0" tests="244">
  <testsuite hostname="localhost.localdomain" failures="0" tests="96" name="org.eclipse.microprofile.openapi.tck.AirlinesAppTest" time="7.712" errors="0" timestamp="2021-12-16T15:04:05 CST" skipped="0">
    <testcase classname="org.eclipse.microprofile.openapi.tck.AirlinesAppTest" name="testTagsInOperations" time="0.151"/>
    <testcase classname="org.eclipse.microprofile.openapi.tck.AirlinesAppTest" name="testExplode" time="0.058"/>
    <testcase classname="org.eclipse.microprofile.openapi.tck.AirlinesAppTest" name="testCallbackAnnotations" time="0.052"/>
    <testcase classname="org.eclipse.microprofile.openapi.tck.AirlinesAppTest" name="testLinkParameter" time="0.046"/>
    <testcase classname="org.eclipse.microprofile.openapi.tck.AirlinesAppTest" name="testVersion" time="0.035"/>
    <testcase classname="org.eclipse.microprofile.openapi.tck.AirlinesAppTest" name="testAPIResponse" time="0.119"/>
    <testcase classname="org.eclipse.microprofile.openapi.tck.AirlinesAppTest" name="testLink" time="0.096"/>
    <testcase classname="org.eclipse.microprofile.openapi.tck.AirlinesAppTest" name="testRequestBodyAnnotations" time="0.098"/>
    <testcase classname="org.eclipse.microprofile.openapi.tck.AirlinesAppTest" name="testContentInAPIResponse" time="0.127"/>
    <testcase classname="org.eclipse.microprofile.openapi.tck.AirlinesAppTest" name="testOAuthFlow" time="0.037"/>
    <testcase classname="org.eclipse.microprofile.openapi.tck.AirlinesAppTest" name="testOperationReviewResource" time="0.124"/>
    <testcase classname="org.eclipse.microprofile.openapi.tck.AirlinesAppTest" name="testOAuthFlow" time="0.029"/>
    <testcase classname="org.eclipse.microprofile.openapi.tck.AirlinesAppTest" name="testLicense" time="0.025"/>
    <testcase classname="org.eclipse.microprofile.openapi.tck.AirlinesAppTest" name="testParameter" time="0.422"/>
    <testcase classname="org.eclipse.microprofile.openapi.tck.AirlinesAppTest" name="testContentInParameter" time="0.050"/>
    <testcase classname="org.eclipse.microprofile.openapi.tck.AirlinesAppTest" name="testOperationAvailabilityResource" time="0.024"/>
    <testcase classname="org.eclipse.microprofile.openapi.tck.AirlinesAppTest" name="testRefHeaderInAPIResponse" time="0.041"/>
    <testcase classname="org.eclipse.microprofile.openapi.tck.AirlinesAppTest" name="testRestClientNotPickedUp" time="0.015"/>
    <testcase classname="org.eclipse.microprofile.openapi.tck.AirlinesAppTest" name="testTagDeclarations" time="0.064"/>
    <testcase classname="org.eclipse.microprofile.openapi.tck.AirlinesAppTest" name="testContentInRequestBody" time="0.040"/>
    <testcase classname="org.eclipse.microprofile.openapi.tck.AirlinesAppTest" name="testContentExampleAttribute" time="0.019"/>
    <testcase classname="org.eclipse.microprofile.openapi.tck.AirlinesAppTest" name="testSecurityScheme" time="0.066"/>
    <testcase classname="org.eclipse.microprofile.openapi.tck.AirlinesAppTest" name="testEncodingResponses" time="0.087"/>
    <testcase classname="org.eclipse.microprofile.openapi.tck.AirlinesAppTest" name="testHeaderInComponents" time="0.060"/>
    <testcase classname="org.eclipse.microprofile.openapi.tck.AirlinesAppTest" name="testSchemaPropertyValuesOverrideClassPropertyValues" time="0.031"/>
    <testcase classname="org.eclipse.microprofile.openapi.tck.AirlinesAppTest" name="testSchema" time="0.108"/>
    <testcase classname="org.eclipse.microprofile.openapi.tck.AirlinesAppTest" name="testTagsInOperations" time="0.143"/>
    <testcase classname="org.eclipse.microprofile.openapi.tck.AirlinesAppTest" name="testOperationAvailabilityResource" time="0.036"/>
    <testcase classname="org.eclipse.microprofile.openapi.tck.AirlinesAppTest" name="testOperationUserResource" time="0.169"/>
    <testcase classname="org.eclipse.microprofile.openapi.tck.AirlinesAppTest" name="testExampleObject" time="0.067"/>
    <testcase classname="org.eclipse.microprofile.openapi.tck.AirlinesAppTest" name="testContentInRequestBody" time="0.034"/>
    <testcase classname="org.eclipse.microprofile.openapi.tck.AirlinesAppTest" name="testServer" time="0.232"/>
    <testcase classname="org.eclipse.microprofile.openapi.tck.AirlinesAppTest" name="testContentInAPIResponse" time="0.135"/>
    <testcase classname="org.eclipse.microprofile.openapi.tck.AirlinesAppTest" name="testLink" time="0.098"/>
    <testcase classname="org.eclipse.microprofile.openapi.tck.AirlinesAppTest" name="testContact" time="0.022"/>
    <testcase classname="org.eclipse.microprofile.openapi.tck.AirlinesAppTest" name="testAPIResponses" time="0.106"/>
    <testcase classname="org.eclipse.microprofile.openapi.tck.AirlinesAppTest" name="testServer" time="0.247"/>
    <testcase classname="org.eclipse.microprofile.openapi.tck.AirlinesAppTest" name="testSecuritySchemes" time="0.030"/>
    <testcase classname="org.eclipse.microprofile.openapi.tck.AirlinesAppTest" name="testEncodingResponses" time="0.087"/>
    <testcase classname="org.eclipse.microprofile.openapi.tck.AirlinesAppTest" name="testRefHeaderInEncoding" time="0.045"/>
    <testcase classname="org.eclipse.microprofile.openapi.tck.AirlinesAppTest" name="testRefHeaderInAPIResponse" time="0.046"/>
    <testcase classname="org.eclipse.microprofile.openapi.tck.AirlinesAppTest" name="testSchemaProperty" time="0.029"/>
    <testcase classname="org.eclipse.microprofile.openapi.tck.AirlinesAppTest" name="testSchema" time="0.106"/>
    <testcase classname="org.eclipse.microprofile.openapi.tck.AirlinesAppTest" name="testRestClientNotPickedUp" time="0.023"/>
    <testcase classname="org.eclipse.microprofile.openapi.tck.AirlinesAppTest" name="testExceptionMappers" time="0.043"/>
    <testcase classname="org.eclipse.microprofile.openapi.tck.AirlinesAppTest" name="testRequestBodyAnnotations" time="0.108"/>
    <testcase classname="org.eclipse.microprofile.openapi.tck.AirlinesAppTest" name="testLicense" time="0.021"/>
    <testcase classname="org.eclipse.microprofile.openapi.tck.AirlinesAppTest" name="testOperationAirlinesResource" time="0.024"/>
    <testcase classname="org.eclipse.microprofile.openapi.tck.AirlinesAppTest" name="testSchemaProperty" time="0.033"/>
    <testcase classname="org.eclipse.microprofile.openapi.tck.AirlinesAppTest" name="testContact" time="0.029"/>
    <testcase classname="org.eclipse.microprofile.openapi.tck.AirlinesAppTest" name="testOperationAirlinesResource" time="0.033"/>
    <testcase classname="org.eclipse.microprofile.openapi.tck.AirlinesAppTest" name="testOperationBookingResource" time="0.082"/>
    <testcase classname="org.eclipse.microprofile.openapi.tck.AirlinesAppTest" name="testSecuritySchemes" time="0.024"/>
    <testcase classname="org.eclipse.microprofile.openapi.tck.AirlinesAppTest" name="testEncodingRequestBody" time="0.058"/>
    <testcase classname="org.eclipse.microprofile.openapi.tck.AirlinesAppTest" name="testOperationUserResource" time="0.184"/>
    <testcase classname="org.eclipse.microprofile.openapi.tck.AirlinesAppTest" name="testOAuthFlows" time="0.032"/>
    <testcase classname="org.eclipse.microprofile.openapi.tck.AirlinesAppTest" name="testParameter" time="0.423"/>
    <testcase classname="org.eclipse.microprofile.openapi.tck.AirlinesAppTest" name="testComponents" time="0.104"/>
    <testcase classname="org.eclipse.microprofile.openapi.tck.AirlinesAppTest" name="testCallbackOperationAnnotations" time="0.100"/>
    <testcase classname="org.eclipse.microprofile.openapi.tck.AirlinesAppTest" name="testSchemaPropertyValuesOverrideClassPropertyValues" time="0.043"/>
    <testcase classname="org.eclipse.microprofile.openapi.tck.AirlinesAppTest" name="testCallbackOperationAnnotations" time="0.103"/>
    <testcase classname="org.eclipse.microprofile.openapi.tck.AirlinesAppTest" name="testSecurityRequirement" time="0.073"/>
    <testcase classname="org.eclipse.microprofile.openapi.tck.AirlinesAppTest" name="testLinkParameter" time="0.051"/>
    <testcase classname="org.eclipse.microprofile.openapi.tck.AirlinesAppTest" name="testOperationBookingResource" time="0.098"/>
    <testcase classname="org.eclipse.microprofile.openapi.tck.AirlinesAppTest" name="testCallbackAnnotations" time="0.063"/>
    <testcase classname="org.eclipse.microprofile.openapi.tck.AirlinesAppTest" name="testVersion" time="0.018"/>
    <testcase classname="org.eclipse.microprofile.openapi.tck.AirlinesAppTest" name="testHeaderInAPIResponse" time="0.184"/>
    <testcase classname="org.eclipse.microprofile.openapi.tck.AirlinesAppTest" name="testHeaderInComponents" time="0.070"/>
    <testcase classname="org.eclipse.microprofile.openapi.tck.AirlinesAppTest" name="testOAuthFlows" time="0.027"/>
    <testcase classname="org.eclipse.microprofile.openapi.tck.AirlinesAppTest" name="testOAuthScope" time="0.037"/>
    <testcase classname="org.eclipse.microprofile.openapi.tck.AirlinesAppTest" name="testTagDeclarations" time="0.062"/>
    <testcase classname="org.eclipse.microprofile.openapi.tck.AirlinesAppTest" name="testOperationReviewResource" time="0.141"/>
    <testcase classname="org.eclipse.microprofile.openapi.tck.AirlinesAppTest" name="testExternalDocumentation" time="0.028"/>
    <testcase classname="org.eclipse.microprofile.openapi.tck.AirlinesAppTest" name="testSecurityRequirement" time="0.066"/>
    <testcase classname="org.eclipse.microprofile.openapi.tck.AirlinesAppTest" name="testContentInParameter" time="0.042"/>
    <testcase classname="org.eclipse.microprofile.openapi.tck.AirlinesAppTest" name="testContentExampleAttribute" time="0.023"/>
    <testcase classname="org.eclipse.microprofile.openapi.tck.AirlinesAppTest" name="testOAuthScope" time="0.018"/>
    <testcase classname="org.eclipse.microprofile.openapi.tck.AirlinesAppTest" name="testStaticFileDefinitions" time="0.213"/>
    <testcase classname="org.eclipse.microprofile.openapi.tck.AirlinesAppTest" name="testHeaderInEncoding" time="0.069"/>
    <testcase classname="org.eclipse.microprofile.openapi.tck.AirlinesAppTest" name="testInfo" time="0.032"/>
    <testcase classname="org.eclipse.microprofile.openapi.tck.AirlinesAppTest" name="testAPIResponse" time="0.100"/>
    <testcase classname="org.eclipse.microprofile.openapi.tck.AirlinesAppTest" name="testComponents" time="0.119"/>
    <testcase classname="org.eclipse.microprofile.openapi.tck.AirlinesAppTest" name="testHeaderInEncoding" time="0.066"/>
    <testcase classname="org.eclipse.microprofile.openapi.tck.AirlinesAppTest" name="testInfo" time="0.022"/>
    <testcase classname="org.eclipse.microprofile.openapi.tck.AirlinesAppTest" name="testSecurityScheme" time="0.059"/>
    <testcase classname="org.eclipse.microprofile.openapi.tck.AirlinesAppTest" name="testExtensionParsing" time="0.070"/>
    <testcase classname="org.eclipse.microprofile.openapi.tck.AirlinesAppTest" name="testExampleObject" time="0.062"/>
    <testcase classname="org.eclipse.microprofile.openapi.tck.AirlinesAppTest" name="testAPIResponses" time="0.117"/>
    <testcase classname="org.eclipse.microprofile.openapi.tck.AirlinesAppTest" name="testExternalDocumentation" time="0.022"/>
    <testcase classname="org.eclipse.microprofile.openapi.tck.AirlinesAppTest" name="testExceptionMappers" time="0.055"/>
    <testcase classname="org.eclipse.microprofile.openapi.tck.AirlinesAppTest" name="testHeaderInAPIResponse" time="0.163"/>
    <testcase classname="org.eclipse.microprofile.openapi.tck.AirlinesAppTest" name="testExplode" time="0.052"/>
    <testcase classname="org.eclipse.microprofile.openapi.tck.AirlinesAppTest" name="testStaticFileDefinitions" time="0.227"/>
    <testcase classname="org.eclipse.microprofile.openapi.tck.AirlinesAppTest" name="testExtensionParsing" time="0.065"/>
    <testcase classname="org.eclipse.microprofile.openapi.tck.AirlinesAppTest" name="testEncodingRequestBody" time="0.035"/>
    <testcase classname="org.eclipse.microprofile.openapi.tck.AirlinesAppTest" name="testRefHeaderInEncoding" time="0.040"/>
  </testsuite>
  <testsuite hostname="localhost.localdomain" failures="0" tests="28" name="org.eclipse.microprofile.openapi.tck.FilterTest" time="1.800" errors="0" timestamp="2021-12-16T15:04:05 CST" skipped="0">
    <testcase classname="org.eclipse.microprofile.openapi.tck.FilterTest" name="testFilterCallback" time="0.035"/>
    <testcase classname="org.eclipse.microprofile.openapi.tck.FilterTest" name="testFilterOperation" time="0.064"/>
    <testcase classname="org.eclipse.microprofile.openapi.tck.FilterTest" name="testFilterServer" time="0.167"/>
    <testcase classname="org.eclipse.microprofile.openapi.tck.FilterTest" name="testFilterOpenAPI" time="0.056"/>
    <testcase classname="org.eclipse.microprofile.openapi.tck.FilterTest" name="testFilterPathItemEnsureOrder" time="0.046"/>
    <testcase classname="org.eclipse.microprofile.openapi.tck.FilterTest" name="testFilterLink" time="0.070"/>
    <testcase classname="org.eclipse.microprofile.openapi.tck.FilterTest" name="testFilterParameter" time="0.084"/>
    <testcase classname="org.eclipse.microprofile.openapi.tck.FilterTest" name="testFilterRequestBody" time="0.035"/>
    <testcase classname="org.eclipse.microprofile.openapi.tck.FilterTest" name="testFilterPathItemEnsureOrder" time="0.047"/>
    <testcase classname="org.eclipse.microprofile.openapi.tck.FilterTest" name="testFilterRequestBody" time="0.045"/>
    <testcase classname="org.eclipse.microprofile.openapi.tck.FilterTest" name="testFilterTag" time="0.027"/>
    <testcase classname="org.eclipse.microprofile.openapi.tck.FilterTest" name="testFilterPathItemAddOperation" time="0.058"/>
    <testcase classname="org.eclipse.microprofile.openapi.tck.FilterTest" name="testFilterSchema" time="0.055"/>
    <testcase classname="org.eclipse.microprofile.openapi.tck.FilterTest" name="testFilterSecurityScheme" time="0.029"/>
    <testcase classname="org.eclipse.microprofile.openapi.tck.FilterTest" name="testFilterParameter" time="0.076"/>
    <testcase classname="org.eclipse.microprofile.openapi.tck.FilterTest" name="testFilterHeader" time="0.094"/>
    <testcase classname="org.eclipse.microprofile.openapi.tck.FilterTest" name="testFilterTag" time="0.031"/>
    <testcase classname="org.eclipse.microprofile.openapi.tck.FilterTest" name="testFilterHeader" time="0.100"/>
    <testcase classname="org.eclipse.microprofile.openapi.tck.FilterTest" name="testFilterCallback" time="0.053"/>
    <testcase classname="org.eclipse.microprofile.openapi.tck.FilterTest" name="testFilterSecurityScheme" time="0.040"/>
    <testcase classname="org.eclipse.microprofile.openapi.tck.FilterTest" name="testFilterOperation" time="0.058"/>
    <testcase classname="org.eclipse.microprofile.openapi.tck.FilterTest" name="testFilterLink" time="0.100"/>
    <testcase classname="org.eclipse.microprofile.openapi.tck.FilterTest" name="testFilterAPIResponse" time="0.084"/>
    <testcase classname="org.eclipse.microprofile.openapi.tck.FilterTest" name="testFilterSchema" time="0.034"/>
    <testcase classname="org.eclipse.microprofile.openapi.tck.FilterTest" name="testFilterPathItemAddOperation" time="0.046"/>
    <testcase classname="org.eclipse.microprofile.openapi.tck.FilterTest" name="testFilterServer" time="0.157"/>
    <testcase classname="org.eclipse.microprofile.openapi.tck.FilterTest" name="testFilterAPIResponse" time="0.061"/>
    <testcase classname="org.eclipse.microprofile.openapi.tck.FilterTest" name="testFilterOpenAPI" time="0.048"/>
  </testsuite>
  <testsuite hostname="localhost.localdomain" failures="0" tests="30" name="org.eclipse.microprofile.openapi.tck.ModelConstructionTest" time="0.973" errors="0" timestamp="2021-12-16T15:04:05 CST" skipped="0">
    <testcase classname="org.eclipse.microprofile.openapi.tck.ModelConstructionTest" name="oAuthFlowTest" time="0.040"/>
    <testcase classname="org.eclipse.microprofile.openapi.tck.ModelConstructionTest" name="securityRequirementTest" time="0.018"/>
    <testcase classname="org.eclipse.microprofile.openapi.tck.ModelConstructionTest" name="mediaTypeTest" time="0.019"/>
    <testcase classname="org.eclipse.microprofile.openapi.tck.ModelConstructionTest" name="xmlTest" time="0.013"/>
    <testcase classname="org.eclipse.microprofile.openapi.tck.ModelConstructionTest" name="infoTest" time="0.016"/>
    <testcase classname="org.eclipse.microprofile.openapi.tck.ModelConstructionTest" name="apiResponseTest" time="0.256"/>
    <testcase classname="org.eclipse.microprofile.openapi.tck.ModelConstructionTest" name="componentsTest" time="0.037"/>
    <testcase classname="org.eclipse.microprofile.openapi.tck.ModelConstructionTest" name="headerTest" time="0.025"/>
    <testcase classname="org.eclipse.microprofile.openapi.tck.ModelConstructionTest" name="openAPITest" time="0.026"/>
    <testcase classname="org.eclipse.microprofile.openapi.tck.ModelConstructionTest" name="securitySchemeTest" time="0.014"/>
    <testcase classname="org.eclipse.microprofile.openapi.tck.ModelConstructionTest" name="externalDocumentationTest" time="0.026"/>
    <testcase classname="org.eclipse.microprofile.openapi.tck.ModelConstructionTest" name="operationTest" time="0.023"/>
    <testcase classname="org.eclipse.microprofile.openapi.tck.ModelConstructionTest" name="pathItemTest" time="0.022"/>
    <testcase classname="org.eclipse.microprofile.openapi.tck.ModelConstructionTest" name="licenseTest" time="0.031"/>
    <testcase classname="org.eclipse.microprofile.openapi.tck.ModelConstructionTest" name="pathsTest" time="0.031"/>
    <testcase classname="org.eclipse.microprofile.openapi.tck.ModelConstructionTest" name="encodingTest" time="0.027"/>
    <testcase classname="org.eclipse.microprofile.openapi.tck.ModelConstructionTest" name="contactTest" time="0.029"/>
    <testcase classname="org.eclipse.microprofile.openapi.tck.ModelConstructionTest" name="apiResponsesTest" time="0.031"/>
    <testcase classname="org.eclipse.microprofile.openapi.tck.ModelConstructionTest" name="discriminatorTest" time="0.038"/>
    <testcase classname="org.eclipse.microprofile.openapi.tck.ModelConstructionTest" name="oAuthFlowsTest" time="0.023"/>
    <testcase classname="org.eclipse.microprofile.openapi.tck.ModelConstructionTest" name="linkTest" time="0.024"/>
    <testcase classname="org.eclipse.microprofile.openapi.tck.ModelConstructionTest" name="contentTest" time="0.028"/>
    <testcase classname="org.eclipse.microprofile.openapi.tck.ModelConstructionTest" name="requestBodyTest" time="0.020"/>
    <testcase classname="org.eclipse.microprofile.openapi.tck.ModelConstructionTest" name="exampleTest" time="0.030"/>
    <testcase classname="org.eclipse.microprofile.openapi.tck.ModelConstructionTest" name="serverTest" time="0.013"/>
    <testcase classname="org.eclipse.microprofile.openapi.tck.ModelConstructionTest" name="parameterTest" time="0.021"/>
    <testcase classname="org.eclipse.microprofile.openapi.tck.ModelConstructionTest" name="serverVariableTest" time="0.017"/>
    <testcase classname="org.eclipse.microprofile.openapi.tck.ModelConstructionTest" name="tagTest" time="0.017"/>
    <testcase classname="org.eclipse.microprofile.openapi.tck.ModelConstructionTest" name="schemaTest" time="0.027"/>
    <testcase classname="org.eclipse.microprofile.openapi.tck.ModelConstructionTest" name="callbackTest" time="0.031"/>
  </testsuite>
  <testsuite hostname="localhost.localdomain" failures="0" tests="42" name="org.eclipse.microprofile.openapi.tck.ModelReaderAppTest" time="1.910" errors="0" timestamp="2021-12-16T15:04:05 CST" skipped="0">
    <testcase classname="org.eclipse.microprofile.openapi.tck.ModelReaderAppTest" name="testServer" time="0.085"/>
    <testcase classname="org.eclipse.microprofile.openapi.tck.ModelReaderAppTest" name="testTagDeclarations" time="0.056"/>
    <testcase classname="org.eclipse.microprofile.openapi.tck.ModelReaderAppTest" name="testContact" time="0.024"/>
    <testcase classname="org.eclipse.microprofile.openapi.tck.ModelReaderAppTest" name="testSecuritySchemes" time="0.013"/>
    <testcase classname="org.eclipse.microprofile.openapi.tck.ModelReaderAppTest" name="testAPIResponse" time="0.052"/>
    <testcase classname="org.eclipse.microprofile.openapi.tck.ModelReaderAppTest" name="testSecurityRequirement" time="0.044"/>
    <testcase classname="org.eclipse.microprofile.openapi.tck.ModelReaderAppTest" name="testContentInAPIResponse" time="0.037"/>
    <testcase classname="org.eclipse.microprofile.openapi.tck.ModelReaderAppTest" name="testOperationAirlinesResource" time="0.028"/>
    <testcase classname="org.eclipse.microprofile.openapi.tck.ModelReaderAppTest" name="testContact" time="0.021"/>
    <testcase classname="org.eclipse.microprofile.openapi.tck.ModelReaderAppTest" name="testOperationAvailabilityResource" time="0.028"/>
    <testcase classname="org.eclipse.microprofile.openapi.tck.ModelReaderAppTest" name="testInfo" time="0.021"/>
    <testcase classname="org.eclipse.microprofile.openapi.tck.ModelReaderAppTest" name="testExternalDocumentation" time="0.018"/>
    <testcase classname="org.eclipse.microprofile.openapi.tck.ModelReaderAppTest" name="testServer" time="0.070"/>
    <testcase classname="org.eclipse.microprofile.openapi.tck.ModelReaderAppTest" name="testOperationBookingResource" time="0.047"/>
    <testcase classname="org.eclipse.microprofile.openapi.tck.ModelReaderAppTest" name="testSecuritySchemes" time="0.021"/>
    <testcase classname="org.eclipse.microprofile.openapi.tck.ModelReaderAppTest" name="testHeaderInComponents" time="0.045"/>
    <testcase classname="org.eclipse.microprofile.openapi.tck.ModelReaderAppTest" name="testOperationAvailabilityResource" time="0.022"/>
    <testcase classname="org.eclipse.microprofile.openapi.tck.ModelReaderAppTest" name="testInfo" time="0.028"/>
    <testcase classname="org.eclipse.microprofile.openapi.tck.ModelReaderAppTest" name="testHeaderInComponents" time="0.037"/>
    <testcase classname="org.eclipse.microprofile.openapi.tck.ModelReaderAppTest" name="testAPIResponse" time="0.048"/>
    <testcase classname="org.eclipse.microprofile.openapi.tck.ModelReaderAppTest" name="testSchema" time="0.063"/>
    <testcase classname="org.eclipse.microprofile.openapi.tck.ModelReaderAppTest" name="testComponents" time="0.085"/>
    <testcase classname="org.eclipse.microprofile.openapi.tck.ModelReaderAppTest" name="testContentInAPIResponse" time="0.044"/>
    <testcase classname="org.eclipse.microprofile.openapi.tck.ModelReaderAppTest" name="testSchema" time="0.057"/>
    <testcase classname="org.eclipse.microprofile.openapi.tck.ModelReaderAppTest" name="testTagsInOperations" time="0.028"/>
    <testcase classname="org.eclipse.microprofile.openapi.tck.ModelReaderAppTest" name="testExternalDocumentation" time="0.023"/>
    <testcase classname="org.eclipse.microprofile.openapi.tck.ModelReaderAppTest" name="testTagDeclarations" time="0.058"/>
    <testcase classname="org.eclipse.microprofile.openapi.tck.ModelReaderAppTest" name="testVersion" time="0.027"/>
    <testcase classname="org.eclipse.microprofile.openapi.tck.ModelReaderAppTest" name="testSecurityScheme" time="0.029"/>
    <testcase classname="org.eclipse.microprofile.openapi.tck.ModelReaderAppTest" name="testAvailabilityGetParameter" time="0.205"/>
    <testcase classname="org.eclipse.microprofile.openapi.tck.ModelReaderAppTest" name="testSecurityRequirement" time="0.045"/>
    <testcase classname="org.eclipse.microprofile.openapi.tck.ModelReaderAppTest" name="testTagsInOperations" time="0.022"/>
    <testcase classname="org.eclipse.microprofile.openapi.tck.ModelReaderAppTest" name="testLicense" time="0.023"/>
    <testcase classname="org.eclipse.microprofile.openapi.tck.ModelReaderAppTest" name="testOperationBookingResource" time="0.041"/>
    <testcase classname="org.eclipse.microprofile.openapi.tck.ModelReaderAppTest" name="testComponents" time="0.091"/>
    <testcase classname="org.eclipse.microprofile.openapi.tck.ModelReaderAppTest" name="testExampleObject" time="0.020"/>
    <testcase classname="org.eclipse.microprofile.openapi.tck.ModelReaderAppTest" name="testOperationAirlinesResource" time="0.023"/>
    <testcase classname="org.eclipse.microprofile.openapi.tck.ModelReaderAppTest" name="testVersion" time="0.020"/>
    <testcase classname="org.eclipse.microprofile.openapi.tck.ModelReaderAppTest" name="testLicense" time="0.019"/>
    <testcase classname="org.eclipse.microprofile.openapi.tck.ModelReaderAppTest" name="testSecurityScheme" time="0.022"/>
    <testcase classname="org.eclipse.microprofile.openapi.tck.ModelReaderAppTest" name="testAvailabilityGetParameter" time="0.195"/>
    <testcase classname="org.eclipse.microprofile.openapi.tck.ModelReaderAppTest" name="testExampleObject" time="0.025"/>
  </testsuite>
  <testsuite hostname="localhost.localdomain" failures="0" tests="2" name="org.eclipse.microprofile.openapi.tck.OASConfigExcludeClassTest" time="0.204" errors="0" timestamp="2021-12-16T15:04:05 CST" skipped="0">
    <testcase classname="org.eclipse.microprofile.openapi.tck.OASConfigExcludeClassTest" name="testExcludedClass" time="0.096"/>
    <testcase classname="org.eclipse.microprofile.openapi.tck.OASConfigExcludeClassTest" name="testExcludedClass" time="0.108"/>
  </testsuite>
  <testsuite hostname="localhost.localdomain" failures="0" tests="2" name="org.eclipse.microprofile.openapi.tck.OASConfigExcludeClassesTest" time="0.151" errors="0" timestamp="2021-12-16T15:04:05 CST" skipped="0">
    <testcase classname="org.eclipse.microprofile.openapi.tck.OASConfigExcludeClassesTest" name="testExcludedClasses" time="0.065"/>
    <testcase classname="org.eclipse.microprofile.openapi.tck.OASConfigExcludeClassesTest" name="testExcludedClasses" time="0.086"/>
  </testsuite>
  <testsuite hostname="localhost.localdomain" failures="0" tests="2" name="org.eclipse.microprofile.openapi.tck.OASConfigExcludePackageTest" time="1.577" errors="0" timestamp="2021-12-16T15:04:05 CST" skipped="0">
    <testcase classname="org.eclipse.microprofile.openapi.tck.OASConfigExcludePackageTest" name="testExcludePackage" time="0.437"/>
    <testcase classname="org.eclipse.microprofile.openapi.tck.OASConfigExcludePackageTest" name="testExcludePackage" time="1.140"/>
  </testsuite>
  <testsuite hostname="localhost.localdomain" failures="0" tests="2" name="org.eclipse.microprofile.openapi.tck.OASConfigScanClassTest" time="0.217" errors="0" timestamp="2021-12-16T15:04:05 CST" skipped="0">
    <testcase classname="org.eclipse.microprofile.openapi.tck.OASConfigScanClassTest" name="testScanClass" time="0.118"/>
    <testcase classname="org.eclipse.microprofile.openapi.tck.OASConfigScanClassTest" name="testScanClass" time="0.099"/>
  </testsuite>
  <testsuite hostname="localhost.localdomain" failures="0" tests="2" name="org.eclipse.microprofile.openapi.tck.OASConfigScanClassesTest" time="0.163" errors="0" timestamp="2021-12-16T15:04:05 CST" skipped="0">
    <testcase classname="org.eclipse.microprofile.openapi.tck.OASConfigScanClassesTest" name="testScanClasses" time="0.080"/>
    <testcase classname="org.eclipse.microprofile.openapi.tck.OASConfigScanClassesTest" name="testScanClasses" time="0.083"/>
  </testsuite>
  <testsuite hostname="localhost.localdomain" failures="0" tests="2" name="org.eclipse.microprofile.openapi.tck.OASConfigScanDisableTest" time="0.066" errors="0" timestamp="2021-12-16T15:04:05 CST" skipped="0">
    <testcase classname="org.eclipse.microprofile.openapi.tck.OASConfigScanDisableTest" name="testScanDisable" time="0.037"/>
    <testcase classname="org.eclipse.microprofile.openapi.tck.OASConfigScanDisableTest" name="testScanDisable" time="0.029"/>
  </testsuite>
  <testsuite hostname="localhost.localdomain" failures="0" tests="2" name="org.eclipse.microprofile.openapi.tck.OASConfigScanPackageTest" time="0.095" errors="0" timestamp="2021-12-16T15:04:05 CST" skipped="0">
    <testcase classname="org.eclipse.microprofile.openapi.tck.OASConfigScanPackageTest" name="testScanPackage" time="0.054"/>
    <testcase classname="org.eclipse.microprofile.openapi.tck.OASConfigScanPackageTest" name="testScanPackage" time="0.041"/>
  </testsuite>
  <testsuite hostname="localhost.localdomain" failures="0" tests="2" name="org.eclipse.microprofile.openapi.tck.OASConfigSchemaTest" time="0.096" errors="0" timestamp="2021-12-16T15:04:05 CST" skipped="0">
    <testcase classname="org.eclipse.microprofile.openapi.tck.OASConfigSchemaTest" name="testSchemaConfigApplied" time="0.036"/>
    <testcase classname="org.eclipse.microprofile.openapi.tck.OASConfigSchemaTest" name="testSchemaConfigApplied" time="0.060"/>
  </testsuite>
  <testsuite hostname="localhost.localdomain" failures="0" tests="2" name="org.eclipse.microprofile.openapi.tck.OASConfigServersTest" time="0.208" errors="0" timestamp="2021-12-16T15:04:05 CST" skipped="0">
    <testcase classname="org.eclipse.microprofile.openapi.tck.OASConfigServersTest" name="testServer" time="0.109"/>
    <testcase classname="org.eclipse.microprofile.openapi.tck.OASConfigServersTest" name="testServer" time="0.099"/>
  </testsuite>
  <testsuite hostname="localhost.localdomain" failures="0" tests="2" name="org.eclipse.microprofile.openapi.tck.OASConfigWebInfTest" time="0.331" errors="0" timestamp="2021-12-16T15:04:05 CST" skipped="0">
    <testcase classname="org.eclipse.microprofile.openapi.tck.OASConfigWebInfTest" name="testScanClass" time="0.162"/>
    <testcase classname="org.eclipse.microprofile.openapi.tck.OASConfigWebInfTest" name="testScanClass" time="0.169"/>
  </testsuite>
  <testsuite hostname="localhost.localdomain" failures="0" tests="6" name="org.eclipse.microprofile.openapi.tck.OASFactoryErrorTest" time="0.294" errors="0" timestamp="2021-12-16T15:04:05 CST" skipped="0">
    <testcase classname="org.eclipse.microprofile.openapi.tck.OASFactoryErrorTest" name="nullValueTest" time="0.023"/>
    <testcase classname="org.eclipse.microprofile.openapi.tck.OASFactoryErrorTest" name="baseInterfaceTest" time="0.163"/>
    <testcase classname="org.eclipse.microprofile.openapi.tck.OASFactoryErrorTest" name="extendedInterfaceTest" time="0.023"/>
    <testcase classname="org.eclipse.microprofile.openapi.tck.OASFactoryErrorTest" name="customAbstractClassTest" time="0.026"/>
    <testcase classname="org.eclipse.microprofile.openapi.tck.OASFactoryErrorTest" name="extendedBaseInterfaceTest" time="0.032"/>
    <testcase classname="org.eclipse.microprofile.openapi.tck.OASFactoryErrorTest" name="customClassTest" time="0.027"/>
  </testsuite>
  <testsuite hostname="localhost.localdomain" failures="0" tests="20" name="org.eclipse.microprofile.openapi.tck.PetStoreAppTest" time="2.397" errors="0" timestamp="2021-12-16T15:04:05 CST" skipped="0">
    <testcase classname="org.eclipse.microprofile.openapi.tck.PetStoreAppTest" name="testOAuthFlows" time="0.036"/>
    <testcase classname="org.eclipse.microprofile.openapi.tck.PetStoreAppTest" name="testSecurityRequirement" time="0.155"/>
    <testcase classname="org.eclipse.microprofile.openapi.tck.PetStoreAppTest" name="testAPIResponseSchema" time="0.215"/>
    <testcase classname="org.eclipse.microprofile.openapi.tck.PetStoreAppTest" name="testDefaultResponseType" time="0.044"/>
    <testcase classname="org.eclipse.microprofile.openapi.tck.PetStoreAppTest" name="testSchema" time="0.186"/>
    <testcase classname="org.eclipse.microprofile.openapi.tck.PetStoreAppTest" name="testAPIResponseSchemaDefaultResponseCode" time="0.191"/>
    <testcase classname="org.eclipse.microprofile.openapi.tck.PetStoreAppTest" name="testOAuthFlow" time="0.033"/>
    <testcase classname="org.eclipse.microprofile.openapi.tck.PetStoreAppTest" name="testAPIResponseSchemaDefaultResponseCode" time="0.220"/>
    <testcase classname="org.eclipse.microprofile.openapi.tck.PetStoreAppTest" name="testSecurityScheme" time="0.146"/>
    <testcase classname="org.eclipse.microprofile.openapi.tck.PetStoreAppTest" name="testSecuritySchemes" time="0.048"/>
    <testcase classname="org.eclipse.microprofile.openapi.tck.PetStoreAppTest" name="testSchema" time="0.163"/>
    <testcase classname="org.eclipse.microprofile.openapi.tck.PetStoreAppTest" name="testRequestBodySchema" time="0.101"/>
    <testcase classname="org.eclipse.microprofile.openapi.tck.PetStoreAppTest" name="testSecurityRequirement" time="0.143"/>
    <testcase classname="org.eclipse.microprofile.openapi.tck.PetStoreAppTest" name="testSecuritySchemes" time="0.057"/>
    <testcase classname="org.eclipse.microprofile.openapi.tck.PetStoreAppTest" name="testOAuthFlow" time="0.055"/>
    <testcase classname="org.eclipse.microprofile.openapi.tck.PetStoreAppTest" name="testSecurityScheme" time="0.170"/>
    <testcase classname="org.eclipse.microprofile.openapi.tck.PetStoreAppTest" name="testAPIResponseSchema" time="0.222"/>
    <testcase classname="org.eclipse.microprofile.openapi.tck.PetStoreAppTest" name="testRequestBodySchema" time="0.132"/>
    <testcase classname="org.eclipse.microprofile.openapi.tck.PetStoreAppTest" name="testJsonResponseTypeWithQueryParameter" time="0.032"/>
    <testcase classname="org.eclipse.microprofile.openapi.tck.PetStoreAppTest" name="testOAuthFlows" time="0.048"/>
  </testsuite>
  <testsuite hostname="localhost.localdomain" failures="0" tests="2" name="org.eclipse.microprofile.openapi.tck.StaticDocumentTest" time="0.652" errors="0" timestamp="2021-12-16T15:04:05 CST" skipped="0">
    <testcase classname="org.eclipse.microprofile.openapi.tck.StaticDocumentTest" name="testStaticDocument" time="0.324"/>
    <testcase classname="org.eclipse.microprofile.openapi.tck.StaticDocumentTest" name="testStaticDocument" time="0.328"/>
  </testsuite>
</testsuites>