<?xml version="1.0"?>
<testsuites failures="0" errors="0" tests="66">
  <testsuite hostname="localhost.localdomain" failures="0" tests="4" name="org.eclipse.microprofile.opentracing.tck.ClientRegistrarTests" time="0.961" errors="0" timestamp="2021-12-16T15:04:44 CST" skipped="0">
    <testcase classname="org.eclipse.microprofile.opentracing.tck.ClientRegistrarTests" name="testClientRegistrarExecutor" time="0.385"/>
    <testcase classname="org.eclipse.microprofile.opentracing.tck.ClientRegistrarTests" name="testClientRegistrar" time="0.450"/>
    <testcase classname="org.eclipse.microprofile.opentracing.tck.ClientRegistrarTests" name="testClientRegistrarExecutorAsync" time="0.056"/>
    <testcase classname="org.eclipse.microprofile.opentracing.tck.ClientRegistrarTests" name="testClientRegistrarAsync" time="0.070"/>
  </testsuite>
  <testsuite hostname="localhost.localdomain" failures="0" tests="15" name="org.eclipse.microprofile.opentracing.tck.OpenTracingClassMethodNameClientTests" time="3.511" errors="0" timestamp="2021-12-16T15:04:44 CST" skipped="0">
    <testcase classname="org.eclipse.microprofile.opentracing.tck.OpenTracingClassMethodNameClientTests" name="testNestedSpansWithClientFailure" time="0.032"/>
    <testcase classname="org.eclipse.microprofile.opentracing.tck.OpenTracingClassMethodNameClientTests" name="testOperationName" time="0.020"/>
    <testcase classname="org.eclipse.microprofile.opentracing.tck.OpenTracingClassMethodNameClientTests" name="testStandardTags" time="0.032"/>
    <testcase classname="org.eclipse.microprofile.opentracing.tck.OpenTracingClassMethodNameClientTests" name="testLocalSpanHasParent" time="0.027"/>
    <testcase classname="org.eclipse.microprofile.opentracing.tck.OpenTracingClassMethodNameClientTests" name="testClassOperationName" time="0.027"/>
    <testcase classname="org.eclipse.microprofile.opentracing.tck.OpenTracingClassMethodNameClientTests" name="testNestedSpans" time="0.040"/>
    <testcase classname="org.eclipse.microprofile.opentracing.tck.OpenTracingClassMethodNameClientTests" name="testAnnotations" time="0.027"/>
    <testcase classname="org.eclipse.microprofile.opentracing.tck.OpenTracingClassMethodNameClientTests" name="testMultithreadedNestedSpans" time="1.541"/>
    <testcase classname="org.eclipse.microprofile.opentracing.tck.OpenTracingClassMethodNameClientTests" name="testMultithreadedNestedSpansAsync" time="1.569"/>
    <testcase classname="org.eclipse.microprofile.opentracing.tck.OpenTracingClassMethodNameClientTests" name="testAnnotationException" time="0.051"/>
    <testcase classname="org.eclipse.microprofile.opentracing.tck.OpenTracingClassMethodNameClientTests" name="testException" time="0.028"/>
    <testcase classname="org.eclipse.microprofile.opentracing.tck.OpenTracingClassMethodNameClientTests" name="testNotTraced" time="0.023"/>
    <testcase classname="org.eclipse.microprofile.opentracing.tck.OpenTracingClassMethodNameClientTests" name="testClassAndMethodOperationName" time="0.035"/>
    <testcase classname="org.eclipse.microprofile.opentracing.tck.OpenTracingClassMethodNameClientTests" name="testAsyncLocalSpan" time="0.028"/>
    <testcase classname="org.eclipse.microprofile.opentracing.tck.OpenTracingClassMethodNameClientTests" name="testError" time="0.031"/>
  </testsuite>
  <testsuite hostname="localhost.localdomain" failures="0" tests="15" name="org.eclipse.microprofile.opentracing.tck.OpenTracingDefaultClientTests" time="4.583" errors="0" timestamp="2021-12-16T15:04:44 CST" skipped="0">
    <testcase classname="org.eclipse.microprofile.opentracing.tck.OpenTracingDefaultClientTests" name="testStandardTags" time="0.036"/>
    <testcase classname="org.eclipse.microprofile.opentracing.tck.OpenTracingDefaultClientTests" name="testClassAndMethodOperationName" time="0.051"/>
    <testcase classname="org.eclipse.microprofile.opentracing.tck.OpenTracingDefaultClientTests" name="testException" time="0.076"/>
    <testcase classname="org.eclipse.microprofile.opentracing.tck.OpenTracingDefaultClientTests" name="testMultithreadedNestedSpans" time="1.998"/>
    <testcase classname="org.eclipse.microprofile.opentracing.tck.OpenTracingDefaultClientTests" name="testLocalSpanHasParent" time="0.036"/>
    <testcase classname="org.eclipse.microprofile.opentracing.tck.OpenTracingDefaultClientTests" name="testNestedSpansWithClientFailure" time="0.056"/>
    <testcase classname="org.eclipse.microprofile.opentracing.tck.OpenTracingDefaultClientTests" name="testError" time="0.040"/>
    <testcase classname="org.eclipse.microprofile.opentracing.tck.OpenTracingDefaultClientTests" name="testAnnotations" time="0.053"/>
    <testcase classname="org.eclipse.microprofile.opentracing.tck.OpenTracingDefaultClientTests" name="testAnnotationException" time="0.125"/>
    <testcase classname="org.eclipse.microprofile.opentracing.tck.OpenTracingDefaultClientTests" name="testNotTraced" time="0.062"/>
    <testcase classname="org.eclipse.microprofile.opentracing.tck.OpenTracingDefaultClientTests" name="testAsyncLocalSpan" time="0.059"/>
    <testcase classname="org.eclipse.microprofile.opentracing.tck.OpenTracingDefaultClientTests" name="testClassOperationName" time="0.045"/>
    <testcase classname="org.eclipse.microprofile.opentracing.tck.OpenTracingDefaultClientTests" name="testMultithreadedNestedSpansAsync" time="1.848"/>
    <testcase classname="org.eclipse.microprofile.opentracing.tck.OpenTracingDefaultClientTests" name="testNestedSpans" time="0.057"/>
    <testcase classname="org.eclipse.microprofile.opentracing.tck.OpenTracingDefaultClientTests" name="testOperationName" time="0.041"/>
  </testsuite>
  <testsuite hostname="localhost.localdomain" failures="0" tests="17" name="org.eclipse.microprofile.opentracing.tck.OpenTracingHTTPPathNameTests" time="3.897" errors="0" timestamp="2021-12-16T15:04:44 CST" skipped="0">
    <testcase classname="org.eclipse.microprofile.opentracing.tck.OpenTracingHTTPPathNameTests" name="testNestedSpansWithClientFailure" time="0.050"/>
    <testcase classname="org.eclipse.microprofile.opentracing.tck.OpenTracingHTTPPathNameTests" name="testWildcard" time="0.022"/>
    <testcase classname="org.eclipse.microprofile.opentracing.tck.OpenTracingHTTPPathNameTests" name="testTwoSameParams" time="0.027"/>
    <testcase classname="org.eclipse.microprofile.opentracing.tck.OpenTracingHTTPPathNameTests" name="testStandardTags" time="0.024"/>
    <testcase classname="org.eclipse.microprofile.opentracing.tck.OpenTracingHTTPPathNameTests" name="testAsyncLocalSpan" time="0.026"/>
    <testcase classname="org.eclipse.microprofile.opentracing.tck.OpenTracingHTTPPathNameTests" name="testClassAndMethodOperationName" time="0.038"/>
    <testcase classname="org.eclipse.microprofile.opentracing.tck.OpenTracingHTTPPathNameTests" name="testNestedSpans" time="0.034"/>
    <testcase classname="org.eclipse.microprofile.opentracing.tck.OpenTracingHTTPPathNameTests" name="testAnnotationException" time="0.061"/>
    <testcase classname="org.eclipse.microprofile.opentracing.tck.OpenTracingHTTPPathNameTests" name="testMultithreadedNestedSpans" time="1.704"/>
    <testcase classname="org.eclipse.microprofile.opentracing.tck.OpenTracingHTTPPathNameTests" name="testLocalSpanHasParent" time="0.030"/>
    <testcase classname="org.eclipse.microprofile.opentracing.tck.OpenTracingHTTPPathNameTests" name="testClassOperationName" time="0.039"/>
    <testcase classname="org.eclipse.microprofile.opentracing.tck.OpenTracingHTTPPathNameTests" name="testException" time="0.036"/>
    <testcase classname="org.eclipse.microprofile.opentracing.tck.OpenTracingHTTPPathNameTests" name="testOperationName" time="0.027"/>
    <testcase classname="org.eclipse.microprofile.opentracing.tck.OpenTracingHTTPPathNameTests" name="testError" time="0.045"/>
    <testcase classname="org.eclipse.microprofile.opentracing.tck.OpenTracingHTTPPathNameTests" name="testMultithreadedNestedSpansAsync" time="1.672"/>
    <testcase classname="org.eclipse.microprofile.opentracing.tck.OpenTracingHTTPPathNameTests" name="testNotTraced" time="0.025"/>
    <testcase classname="org.eclipse.microprofile.opentracing.tck.OpenTracingHTTPPathNameTests" name="testAnnotations" time="0.037"/>
  </testsuite>
  <testsuite hostname="localhost.localdomain" failures="0" tests="10" name="org.eclipse.microprofile.opentracing.tck.OpenTracingSkipPatternTests" time="0.244" errors="0" timestamp="2021-12-16T15:04:44 CST" skipped="0">
    <testcase classname="org.eclipse.microprofile.opentracing.tck.OpenTracingSkipPatternTests" name="testMetricsVendorNotTraced" time="0.031"/>
    <testcase classname="org.eclipse.microprofile.opentracing.tck.OpenTracingSkipPatternTests" name="testHealthNotTraced" time="0.022"/>
    <testcase classname="org.eclipse.microprofile.opentracing.tck.OpenTracingSkipPatternTests" name="testMetricsNotTraced" time="0.019"/>
    <testcase classname="org.eclipse.microprofile.opentracing.tck.OpenTracingSkipPatternTests" name="testSkipSimple" time="0.036"/>
    <testcase classname="org.eclipse.microprofile.opentracing.tck.OpenTracingSkipPatternTests" name="testMetricsApplicationNotTraced" time="0.023"/>
    <testcase classname="org.eclipse.microprofile.opentracing.tck.OpenTracingSkipPatternTests" name="testSkipFoo" time="0.020"/>
    <testcase classname="org.eclipse.microprofile.opentracing.tck.OpenTracingSkipPatternTests" name="testExplicitlyTraced" time="0.029"/>
    <testcase classname="org.eclipse.microprofile.opentracing.tck.OpenTracingSkipPatternTests" name="testMetricsBaseNotTraced" time="0.022"/>
    <testcase classname="org.eclipse.microprofile.opentracing.tck.OpenTracingSkipPatternTests" name="testSkipFooBar" time="0.023"/>
    <testcase classname="org.eclipse.microprofile.opentracing.tck.OpenTracingSkipPatternTests" name="testOpenAPINotTraced" time="0.019"/>
  </testsuite>
  <testsuite hostname="localhost.localdomain" failures="0" tests="5" name="org.eclipse.microprofile.opentracing.tck.rest.client.OpenTracingMpRestClientTests" time="3.566" errors="0" timestamp="2021-12-16T15:04:44 CST" skipped="0">
    <testcase classname="org.eclipse.microprofile.opentracing.tck.rest.client.OpenTracingMpRestClientTests" name="testNestedSpans" time="0.036"/>
    <testcase classname="org.eclipse.microprofile.opentracing.tck.rest.client.OpenTracingMpRestClientTests" name="testMethodNotTraced" time="0.049"/>
    <testcase classname="org.eclipse.microprofile.opentracing.tck.rest.client.OpenTracingMpRestClientTests" name="testClientNotTraced" time="0.108"/>
    <testcase classname="org.eclipse.microprofile.opentracing.tck.rest.client.OpenTracingMpRestClientTests" name="testMultithreadedNestedSpansAsync" time="1.737"/>
    <testcase classname="org.eclipse.microprofile.opentracing.tck.rest.client.OpenTracingMpRestClientTests" name="testMultithreadedNestedSpans" time="1.636"/>
  </testsuite>
</testsuites>