<?xml version="1.0"?>
<testsuites failures="0" errors="0" tests="66">
  <testsuite hostname="localhost.localdomain" failures="0" tests="4" name="org.eclipse.microprofile.opentracing.tck.ClientRegistrarTests" time="0.910" errors="0" timestamp="2021-12-16T13:51:32 CST" skipped="0">
    <testcase classname="org.eclipse.microprofile.opentracing.tck.ClientRegistrarTests" name="testClientRegistrar" time="0.437"/>
    <testcase classname="org.eclipse.microprofile.opentracing.tck.ClientRegistrarTests" name="testClientRegistrarExecutorAsync" time="0.056"/>
    <testcase classname="org.eclipse.microprofile.opentracing.tck.ClientRegistrarTests" name="testClientRegistrarAsync" time="0.078"/>
    <testcase classname="org.eclipse.microprofile.opentracing.tck.ClientRegistrarTests" name="testClientRegistrarExecutor" time="0.339"/>
  </testsuite>
  <testsuite hostname="localhost.localdomain" failures="0" tests="15" name="org.eclipse.microprofile.opentracing.tck.OpenTracingClassMethodNameClientTests" time="3.211" errors="0" timestamp="2021-12-16T13:51:32 CST" skipped="0">
    <testcase classname="org.eclipse.microprofile.opentracing.tck.OpenTracingClassMethodNameClientTests" name="testException" time="0.019"/>
    <testcase classname="org.eclipse.microprofile.opentracing.tck.OpenTracingClassMethodNameClientTests" name="testMultithreadedNestedSpansAsync" time="1.435"/>
    <testcase classname="org.eclipse.microprofile.opentracing.tck.OpenTracingClassMethodNameClientTests" name="testNestedSpans" time="0.043"/>
    <testcase classname="org.eclipse.microprofile.opentracing.tck.OpenTracingClassMethodNameClientTests" name="testAsyncLocalSpan" time="0.024"/>
    <testcase classname="org.eclipse.microprofile.opentracing.tck.OpenTracingClassMethodNameClientTests" name="testOperationName" time="0.023"/>
    <testcase classname="org.eclipse.microprofile.opentracing.tck.OpenTracingClassMethodNameClientTests" name="testAnnotations" time="0.027"/>
    <testcase classname="org.eclipse.microprofile.opentracing.tck.OpenTracingClassMethodNameClientTests" name="testMultithreadedNestedSpans" time="1.418"/>
    <testcase classname="org.eclipse.microprofile.opentracing.tck.OpenTracingClassMethodNameClientTests" name="testError" time="0.024"/>
    <testcase classname="org.eclipse.microprofile.opentracing.tck.OpenTracingClassMethodNameClientTests" name="testNotTraced" time="0.020"/>
    <testcase classname="org.eclipse.microprofile.opentracing.tck.OpenTracingClassMethodNameClientTests" name="testNestedSpansWithClientFailure" time="0.036"/>
    <testcase classname="org.eclipse.microprofile.opentracing.tck.OpenTracingClassMethodNameClientTests" name="testAnnotationException" time="0.052"/>
    <testcase classname="org.eclipse.microprofile.opentracing.tck.OpenTracingClassMethodNameClientTests" name="testClassOperationName" time="0.023"/>
    <testcase classname="org.eclipse.microprofile.opentracing.tck.OpenTracingClassMethodNameClientTests" name="testStandardTags" time="0.018"/>
    <testcase classname="org.eclipse.microprofile.opentracing.tck.OpenTracingClassMethodNameClientTests" name="testLocalSpanHasParent" time="0.019"/>
    <testcase classname="org.eclipse.microprofile.opentracing.tck.OpenTracingClassMethodNameClientTests" name="testClassAndMethodOperationName" time="0.030"/>
  </testsuite>
  <testsuite hostname="localhost.localdomain" failures="0" tests="15" name="org.eclipse.microprofile.opentracing.tck.OpenTracingDefaultClientTests" time="3.992" errors="0" timestamp="2021-12-16T13:51:32 CST" skipped="0">
    <testcase classname="org.eclipse.microprofile.opentracing.tck.OpenTracingDefaultClientTests" name="testAnnotationException" time="0.088"/>
    <testcase classname="org.eclipse.microprofile.opentracing.tck.OpenTracingDefaultClientTests" name="testError" time="0.045"/>
    <testcase classname="org.eclipse.microprofile.opentracing.tck.OpenTracingDefaultClientTests" name="testOperationName" time="0.033"/>
    <testcase classname="org.eclipse.microprofile.opentracing.tck.OpenTracingDefaultClientTests" name="testNestedSpans" time="0.052"/>
    <testcase classname="org.eclipse.microprofile.opentracing.tck.OpenTracingDefaultClientTests" name="testLocalSpanHasParent" time="0.038"/>
    <testcase classname="org.eclipse.microprofile.opentracing.tck.OpenTracingDefaultClientTests" name="testNestedSpansWithClientFailure" time="0.042"/>
    <testcase classname="org.eclipse.microprofile.opentracing.tck.OpenTracingDefaultClientTests" name="testException" time="0.036"/>
    <testcase classname="org.eclipse.microprofile.opentracing.tck.OpenTracingDefaultClientTests" name="testNotTraced" time="0.032"/>
    <testcase classname="org.eclipse.microprofile.opentracing.tck.OpenTracingDefaultClientTests" name="testClassAndMethodOperationName" time="0.057"/>
    <testcase classname="org.eclipse.microprofile.opentracing.tck.OpenTracingDefaultClientTests" name="testStandardTags" time="0.027"/>
    <testcase classname="org.eclipse.microprofile.opentracing.tck.OpenTracingDefaultClientTests" name="testAnnotations" time="0.043"/>
    <testcase classname="org.eclipse.microprofile.opentracing.tck.OpenTracingDefaultClientTests" name="testAsyncLocalSpan" time="0.053"/>
    <testcase classname="org.eclipse.microprofile.opentracing.tck.OpenTracingDefaultClientTests" name="testMultithreadedNestedSpansAsync" time="1.668"/>
    <testcase classname="org.eclipse.microprofile.opentracing.tck.OpenTracingDefaultClientTests" name="testMultithreadedNestedSpans" time="1.733"/>
    <testcase classname="org.eclipse.microprofile.opentracing.tck.OpenTracingDefaultClientTests" name="testClassOperationName" time="0.045"/>
  </testsuite>
  <testsuite hostname="localhost.localdomain" failures="0" tests="17" name="org.eclipse.microprofile.opentracing.tck.OpenTracingHTTPPathNameTests" time="3.586" errors="0" timestamp="2021-12-16T13:51:32 CST" skipped="0">
    <testcase classname="org.eclipse.microprofile.opentracing.tck.OpenTracingHTTPPathNameTests" name="testNestedSpansWithClientFailure" time="0.040"/>
    <testcase classname="org.eclipse.microprofile.opentracing.tck.OpenTracingHTTPPathNameTests" name="testWildcard" time="0.030"/>
    <testcase classname="org.eclipse.microprofile.opentracing.tck.OpenTracingHTTPPathNameTests" name="testLocalSpanHasParent" time="0.044"/>
    <testcase classname="org.eclipse.microprofile.opentracing.tck.OpenTracingHTTPPathNameTests" name="testStandardTags" time="0.029"/>
    <testcase classname="org.eclipse.microprofile.opentracing.tck.OpenTracingHTTPPathNameTests" name="testAnnotations" time="0.034"/>
    <testcase classname="org.eclipse.microprofile.opentracing.tck.OpenTracingHTTPPathNameTests" name="testError" time="0.028"/>
    <testcase classname="org.eclipse.microprofile.opentracing.tck.OpenTracingHTTPPathNameTests" name="testAnnotationException" time="0.060"/>
    <testcase classname="org.eclipse.microprofile.opentracing.tck.OpenTracingHTTPPathNameTests" name="testClassOperationName" time="0.030"/>
    <testcase classname="org.eclipse.microprofile.opentracing.tck.OpenTracingHTTPPathNameTests" name="testAsyncLocalSpan" time="0.033"/>
    <testcase classname="org.eclipse.microprofile.opentracing.tck.OpenTracingHTTPPathNameTests" name="testClassAndMethodOperationName" time="0.040"/>
    <testcase classname="org.eclipse.microprofile.opentracing.tck.OpenTracingHTTPPathNameTests" name="testMultithreadedNestedSpans" time="1.585"/>
    <testcase classname="org.eclipse.microprofile.opentracing.tck.OpenTracingHTTPPathNameTests" name="testOperationName" time="0.025"/>
    <testcase classname="org.eclipse.microprofile.opentracing.tck.OpenTracingHTTPPathNameTests" name="testNestedSpans" time="0.032"/>
    <testcase classname="org.eclipse.microprofile.opentracing.tck.OpenTracingHTTPPathNameTests" name="testMultithreadedNestedSpansAsync" time="1.486"/>
    <testcase classname="org.eclipse.microprofile.opentracing.tck.OpenTracingHTTPPathNameTests" name="testNotTraced" time="0.029"/>
    <testcase classname="org.eclipse.microprofile.opentracing.tck.OpenTracingHTTPPathNameTests" name="testException" time="0.027"/>
    <testcase classname="org.eclipse.microprofile.opentracing.tck.OpenTracingHTTPPathNameTests" name="testTwoSameParams" time="0.034"/>
  </testsuite>
  <testsuite hostname="localhost.localdomain" failures="0" tests="10" name="org.eclipse.microprofile.opentracing.tck.OpenTracingSkipPatternTests" time="0.253" errors="0" timestamp="2021-12-16T13:51:32 CST" skipped="0">
    <testcase classname="org.eclipse.microprofile.opentracing.tck.OpenTracingSkipPatternTests" name="testMetricsNotTraced" time="0.024"/>
    <testcase classname="org.eclipse.microprofile.opentracing.tck.OpenTracingSkipPatternTests" name="testMetricsBaseNotTraced" time="0.030"/>
    <testcase classname="org.eclipse.microprofile.opentracing.tck.OpenTracingSkipPatternTests" name="testMetricsApplicationNotTraced" time="0.021"/>
    <testcase classname="org.eclipse.microprofile.opentracing.tck.OpenTracingSkipPatternTests" name="testOpenAPINotTraced" time="0.023"/>
    <testcase classname="org.eclipse.microprofile.opentracing.tck.OpenTracingSkipPatternTests" name="testSkipFooBar" time="0.020"/>
    <testcase classname="org.eclipse.microprofile.opentracing.tck.OpenTracingSkipPatternTests" name="testSkipFoo" time="0.018"/>
    <testcase classname="org.eclipse.microprofile.opentracing.tck.OpenTracingSkipPatternTests" name="testSkipSimple" time="0.030"/>
    <testcase classname="org.eclipse.microprofile.opentracing.tck.OpenTracingSkipPatternTests" name="testHealthNotTraced" time="0.033"/>
    <testcase classname="org.eclipse.microprofile.opentracing.tck.OpenTracingSkipPatternTests" name="testMetricsVendorNotTraced" time="0.025"/>
    <testcase classname="org.eclipse.microprofile.opentracing.tck.OpenTracingSkipPatternTests" name="testExplicitlyTraced" time="0.029"/>
  </testsuite>
  <testsuite hostname="localhost.localdomain" failures="0" tests="5" name="org.eclipse.microprofile.opentracing.tck.rest.client.OpenTracingMpRestClientTests" time="3.338" errors="0" timestamp="2021-12-16T13:51:32 CST" skipped="0">
    <testcase classname="org.eclipse.microprofile.opentracing.tck.rest.client.OpenTracingMpRestClientTests" name="testClientNotTraced" time="0.102"/>
    <testcase classname="org.eclipse.microprofile.opentracing.tck.rest.client.OpenTracingMpRestClientTests" name="testMethodNotTraced" time="0.034"/>
    <testcase classname="org.eclipse.microprofile.opentracing.tck.rest.client.OpenTracingMpRestClientTests" name="testMultithreadedNestedSpansAsync" time="1.662"/>
    <testcase classname="org.eclipse.microprofile.opentracing.tck.rest.client.OpenTracingMpRestClientTests" name="testMultithreadedNestedSpans" time="1.509"/>
    <testcase classname="org.eclipse.microprofile.opentracing.tck.rest.client.OpenTracingMpRestClientTests" name="testNestedSpans" time="0.031"/>
  </testsuite>
</testsuites>