<?xml version="1.0"?>
<testsuites failures="0" errors="0" tests="28">
  <testsuite skipped="0" hostname="localhost" name="org.eclipse.microprofile.health.tck.CDIProducedProceduresTest" tests="3" failures="0" timestamp="2021-12-16T14:16:43 CST" time="0.015" errors="0">
    <testcase name="testFailureReadinessResponsePayload" time="0.006" classname="org.eclipse.microprofile.health.tck.CDIProducedProceduresTest"/>
    <testcase name="testSuccessfulLivenessResponsePayload" time="0.005" classname="org.eclipse.microprofile.health.tck.CDIProducedProceduresTest"/>
    <testcase name="testSuccessStartupResponsePayload" time="0.004" classname="org.eclipse.microprofile.health.tck.CDIProducedProceduresTest"/>
  </testsuite>
  <testsuite skipped="0" hostname="localhost" name="org.eclipse.microprofile.health.tck.ConfigTest" tests="1" failures="0" timestamp="2021-12-16T14:16:43 CST" time="0.007" errors="0">
    <testcase name="testEmptyReadinessWithConfig" time="0.007" classname="org.eclipse.microprofile.health.tck.ConfigTest"/>
  </testsuite>
  <testsuite skipped="0" hostname="localhost" name="org.eclipse.microprofile.health.tck.DelayedCheckTest" tests="1" failures="0" timestamp="2021-12-16T14:16:43 CST" time="3.009" errors="0">
    <testcase name="testSuccessResponsePayload" time="3.009" classname="org.eclipse.microprofile.health.tck.DelayedCheckTest"/>
  </testsuite>
  <testsuite skipped="0" hostname="localhost" name="org.eclipse.microprofile.health.tck.DelegateHealthSuccessfulTest" tests="1" failures="0" timestamp="2021-12-16T14:16:43 CST" time="0.008" errors="0">
    <testcase name="testSuccessfulDelegateInvocation" time="0.008" classname="org.eclipse.microprofile.health.tck.DelegateHealthSuccessfulTest"/>
  </testsuite>
  <testsuite skipped="0" hostname="localhost" name="org.eclipse.microprofile.health.tck.EnforceQualifierTest" tests="1" failures="0" timestamp="2021-12-16T14:16:43 CST" time="0.006" errors="0">
    <testcase name="testFailureResponsePayload" time="0.006" classname="org.eclipse.microprofile.health.tck.EnforceQualifierTest"/>
  </testsuite>
  <testsuite skipped="0" hostname="localhost" name="org.eclipse.microprofile.health.tck.HealthCheckResponseAttributesTest" tests="1" failures="0" timestamp="2021-12-16T14:16:43 CST" time="0.007" errors="0">
    <testcase name="testSuccessResponsePayload" time="0.007" classname="org.eclipse.microprofile.health.tck.HealthCheckResponseAttributesTest"/>
  </testsuite>
  <testsuite skipped="0" hostname="localhost" name="org.eclipse.microprofile.health.tck.HealthCheckResponseValidationTest" tests="1" failures="0" timestamp="2021-12-16T14:16:43 CST" time="0.056" errors="0">
    <testcase name="testValidateConcreteHealthCheckResponse" time="0.056" classname="org.eclipse.microprofile.health.tck.HealthCheckResponseValidationTest"/>
  </testsuite>
  <testsuite skipped="0" hostname="localhost" name="org.eclipse.microprofile.health.tck.JsonSchemaValidationTest" tests="1" failures="0" timestamp="2021-12-16T14:16:43 CST" time="1.012" errors="0">
    <testcase name="testPayloadJsonVerifiesWithTheSpecificationSchema" time="1.012" classname="org.eclipse.microprofile.health.tck.JsonSchemaValidationTest"/>
  </testsuite>
  <testsuite skipped="0" hostname="localhost" name="org.eclipse.microprofile.health.tck.MultipleLivenessFailedTest" tests="2" failures="0" timestamp="2021-12-16T14:16:43 CST" time="0.018" errors="0">
    <testcase name="testSuccessfulReadinessResponsePayload" time="0.008" classname="org.eclipse.microprofile.health.tck.MultipleLivenessFailedTest"/>
    <testcase name="testFailureLivenessResponsePayload" time="0.010" classname="org.eclipse.microprofile.health.tck.MultipleLivenessFailedTest"/>
  </testsuite>
  <testsuite skipped="0" hostname="localhost" name="org.eclipse.microprofile.health.tck.MultipleProceduresFailedTest" tests="1" failures="0" timestamp="2021-12-16T14:16:43 CST" time="0.006" errors="0">
    <testcase name="testFailureResponsePayload" time="0.006" classname="org.eclipse.microprofile.health.tck.MultipleProceduresFailedTest"/>
  </testsuite>
  <testsuite skipped="0" hostname="localhost" name="org.eclipse.microprofile.health.tck.MultipleReadinessFailedTest" tests="2" failures="0" timestamp="2021-12-16T14:16:43 CST" time="0.024" errors="0">
    <testcase name="testFailureResponsePayload" time="0.014" classname="org.eclipse.microprofile.health.tck.MultipleReadinessFailedTest"/>
    <testcase name="testSuccessfulLivenessResponsePayload" time="0.010" classname="org.eclipse.microprofile.health.tck.MultipleReadinessFailedTest"/>
  </testsuite>
  <testsuite skipped="0" hostname="localhost" name="org.eclipse.microprofile.health.tck.MultipleStartupFailedTest" tests="4" failures="0" timestamp="2021-12-16T14:16:43 CST" time="0.028" errors="0">
    <testcase name="testSuccessfulLivenessResponsePayload" time="0.009" classname="org.eclipse.microprofile.health.tck.MultipleStartupFailedTest"/>
    <testcase name="testFailingStartupResponsePayload" time="0.007" classname="org.eclipse.microprofile.health.tck.MultipleStartupFailedTest"/>
    <testcase name="testFailingHealthResponsePayload" time="0.007" classname="org.eclipse.microprofile.health.tck.MultipleStartupFailedTest"/>
    <testcase name="testSuccessfulReadinessResponsePayload" time="0.005" classname="org.eclipse.microprofile.health.tck.MultipleStartupFailedTest"/>
  </testsuite>
  <testsuite skipped="0" hostname="localhost" name="org.eclipse.microprofile.health.tck.NoProcedureSuccessfulTest" tests="1" failures="0" timestamp="2021-12-16T14:16:43 CST" time="0.006" errors="0">
    <testcase name="testSuccessResponsePayload" time="0.006" classname="org.eclipse.microprofile.health.tck.NoProcedureSuccessfulTest"/>
  </testsuite>
  <testsuite skipped="0" hostname="localhost" name="org.eclipse.microprofile.health.tck.OnlySuccessfulProcedureTest" tests="2" failures="0" timestamp="2021-12-16T14:16:43 CST" time="0.011" errors="0">
    <testcase name="testSuccessfulLivenessResponsePayload" time="0.006" classname="org.eclipse.microprofile.health.tck.OnlySuccessfulProcedureTest"/>
    <testcase name="testSuccessfulReadinessResponsePayload" time="0.005" classname="org.eclipse.microprofile.health.tck.OnlySuccessfulProcedureTest"/>
  </testsuite>
  <testsuite skipped="0" hostname="localhost" name="org.eclipse.microprofile.health.tck.SingleLivenessFailedTest" tests="1" failures="0" timestamp="2021-12-16T14:16:43 CST" time="0.011" errors="0">
    <testcase name="testFailureResponsePayload" time="0.011" classname="org.eclipse.microprofile.health.tck.SingleLivenessFailedTest"/>
  </testsuite>
  <testsuite skipped="0" hostname="localhost" name="org.eclipse.microprofile.health.tck.SingleLivenessSuccessfulTest" tests="1" failures="0" timestamp="2021-12-16T14:16:43 CST" time="0.008" errors="0">
    <testcase name="testSuccessResponsePayload" time="0.008" classname="org.eclipse.microprofile.health.tck.SingleLivenessSuccessfulTest"/>
  </testsuite>
  <testsuite skipped="0" hostname="localhost" name="org.eclipse.microprofile.health.tck.SingleReadinessFailedTest" tests="1" failures="0" timestamp="2021-12-16T14:16:43 CST" time="0.007" errors="0">
    <testcase name="testFailureResponsePayload" time="0.007" classname="org.eclipse.microprofile.health.tck.SingleReadinessFailedTest"/>
  </testsuite>
  <testsuite skipped="0" hostname="localhost" name="org.eclipse.microprofile.health.tck.SingleReadinessSuccessfulTest" tests="1" failures="0" timestamp="2021-12-16T14:16:43 CST" time="0.009" errors="0">
    <testcase name="testSuccessResponsePayload" time="0.009" classname="org.eclipse.microprofile.health.tck.SingleReadinessSuccessfulTest"/>
  </testsuite>
  <testsuite skipped="0" hostname="localhost" name="org.eclipse.microprofile.health.tck.SingleStartupFailedTest" tests="1" failures="0" timestamp="2021-12-16T14:16:43 CST" time="0.014" errors="0">
    <testcase name="testFailedResponsePayload" time="0.014" classname="org.eclipse.microprofile.health.tck.SingleStartupFailedTest"/>
  </testsuite>
  <testsuite skipped="0" hostname="localhost" name="org.eclipse.microprofile.health.tck.SingleStartupSuccessfulTest" tests="1" failures="0" timestamp="2021-12-16T14:16:43 CST" time="0.008" errors="0">
    <testcase name="testSuccessResponsePayload" time="0.008" classname="org.eclipse.microprofile.health.tck.SingleStartupSuccessfulTest"/>
  </testsuite>
</testsuites>